<?xml version="1.0" encoding="UTF-8"?>
<!-- Generated by org.testng.reporters.JUnitReportReporter -->
<testsuite skipped="0" hostname="TubaK" name="test.ValidateMonthsDropDownTest" tests="1" failures="0" timestamp="2022-09-26T18:07:07 CDT" time="2.313" errors="0">
  <testcase name="validateTextBox" time="2.313" classname="test.ValidateMonthsDropDownTest"/>
  <system-out/>
</testsuite> <!-- test.ValidateMonthsDropDownTest -->
