<?xml version="1.0" encoding="UTF-8"?>
<!-- Generated by org.testng.reporters.JUnitReportReporter -->
<testsuite skipped="0" hostname="TubaK" name="test.DuplicateCategoryTest" tests="1" failures="0" timestamp="2022-09-26T17:56:58 CDT" time="5.274" errors="0">
  <testcase name="validateTextBox" time="5.274" classname="test.DuplicateCategoryTest"/>
  <system-out/>
</testsuite> <!-- test.DuplicateCategoryTest -->
