<?xml version="1.0" encoding="UTF-8"?>
<!-- Generated by org.testng.reporters.JUnitReportReporter -->
<testsuite skipped="0" hostname="TubaK" name="test.AddCategoryTest" tests="1" failures="0" timestamp="18 Sep 2022 15:20:28 GMT" time="7.947" errors="0">
  <testcase name="validateTextBox" time="7.947" classname="test.AddCategoryTest"/>
</testsuite> <!-- test.AddCategoryTest -->
